{"name": "test_1[1]", "status": "failed", "statusDetails": {"message": "AssertionError: assert 1 > 2", "trace": "data = 1\n\n    @pytest.mark.parametrize('data',[1,2,3])\n    def test_1(data):\n        case_data.case_test_record_list.append(\n            {'case_no': 'F0001', 'case_name': 'test01', 'case_story': '测试场景', 'exp_res': '预期结果', 'act_res': '实际结果'})\n>       assert data > 2\nE       assert 1 > 2\n\nD:\\autotest\\cases\\system\\AF\\8040\\test_param.py:17: AssertionError"}, "parameters": [{"name": "data", "value": "1"}], "start": 1614493648045, "stop": 1614493648045, "uuid": "da844e7a-f3c0-4f60-99ae-6c24084991a4", "historyId": "869ce982efac40a12bc236225afea2f3", "testCaseId": "9b9c3028ba7355dc69be22b36d76be43", "fullName": "cases.system.AF.8040.test_param#test_1", "labels": [{"name": "parentSuite", "value": "cases.system.AF.8040"}, {"name": "suite", "value": "test_param"}, {"name": "host", "value": "DESKTOP-H5OTV7O"}, {"name": "thread", "value": "11816-MainThread"}, {"name": "framework", "value": "pytest"}, {"name": "language", "value": "cpython3"}, {"name": "package", "value": "cases.system.AF.8040.test_param"}]}