{"name": "单个参数测试", "status": "failed", "statusDetails": {"message": "AssertionError: assert 5 == 6\n  +5\n  -6", "trace": "self = <cases.system.AC.test_20.TestAllureAC object at 0x000001B761E8B518>\nparam = 6\n\n    @pytest.mark.parametrize('param',[5,6])\n    @allure.severity(allure.severity_level.BLOCKER)\n    @allure.title('单个参数测试')\n    def test_allure_70(self,param):\n        with allure.step(f'单个参数测试：{param}'):\n            allure.attach(body=f'第一个参数值是：{param}', name='单个参数多个值测试')\n>           assert 5 == param\nE           assert 5 == 6\nE             +5\nE             -6\n\n..\\cases\\system\\AC\\test_20.py:172: AssertionError"}, "steps": [{"name": "单个参数测试：6", "status": "failed", "statusDetails": {"message": "AssertionError: assert 5 == 6\n  +5\n  -6\n", "trace": "  File \"D:\\project\\autotest\\cases\\system\\AC\\test_20.py\", line 172, in test_allure_70\n    assert 5 == param\n"}, "attachments": [{"name": "单个参数多个值测试", "source": "21c58c93-d237-4ce7-a7d5-48cc4ff800be-attachment.attach"}], "start": 1614525532414, "stop": 1614525532415}], "parameters": [{"name": "param", "value": "6"}], "start": 1614525532413, "stop": 1614525532415, "uuid": "8899000c-2273-49e5-8171-7319525f7ba6", "historyId": "44be88bbf10fdcdc4f937de64514241e", "testCaseId": "bcb9b30f8a7a6036267af96ed286fb5e", "fullName": "cases.system.AC.test_20.TestAllureAC#test_allure_70", "labels": [{"name": "severity", "value": "blocker"}, {"name": "story", "value": "测试allure场景"}, {"name": "parentSuite", "value": "cases.system.AC"}, {"name": "suite", "value": "test_20"}, {"name": "subSuite", "value": "TestAllureAC"}, {"name": "host", "value": "DESKTOP-H5OTV7O"}, {"name": "thread", "value": "1480-MainThread"}, {"name": "framework", "value": "pytest"}, {"name": "language", "value": "cpython3"}, {"name": "package", "value": "cases.system.AC.test_20"}]}