{"name": "多个参数测试", "status": "failed", "statusDetails": {"message": "AssertionError: assert (3 + 3) > 7", "trace": "self = <cases.system.AC.test_20.TestAllureAC object at 0x000002024DE57A58>\nparam1 = 3, param2 = 3\n\n    @pytest.mark.parametrize('param1,param2', [(3,3),(4,4),(5,5)])\n    @allure.severity(allure.severity_level.BLOCKER)\n    @allure.title('多个参数测试')\n    def test_allure_80(self, param1,param2):\n    \n        with allure.step(f'多参数测试：{param1,param2}'):\n            allure.attach(body=f'参数是：{param1,param2}', name='多参数多个值测试')\n>           assert param1+param2 > 7\nE           assert (3 + 3) > 7\n\n..\\cases\\system\\AC\\test_20.py:181: AssertionError"}, "steps": [{"name": "多参数测试：(3, 3)", "status": "failed", "statusDetails": {"message": "AssertionError: assert (3 + 3) > 7\n", "trace": "  File \"D:\\project\\autotest\\cases\\system\\AC\\test_20.py\", line 181, in test_allure_80\n    assert param1+param2 > 7\n"}, "attachments": [{"name": "多参数多个值测试", "source": "b8a56255-646a-4e0c-9ab1-4b50479624a0-attachment.attach"}], "start": 1614525532381, "stop": 1614525532382}], "parameters": [{"name": "param1", "value": "3"}, {"name": "param2", "value": "3"}], "start": 1614525532381, "stop": 1614525532382, "uuid": "9f46f128-3f66-44e3-a77e-138adcede34c", "historyId": "8e828d7fd0ac99046abf0ed9aafd7741", "testCaseId": "c7ad023c7101823d31b518d585f2abe2", "fullName": "cases.system.AC.test_20.TestAllureAC#test_allure_80", "labels": [{"name": "severity", "value": "blocker"}, {"name": "story", "value": "测试allure场景"}, {"name": "parentSuite", "value": "cases.system.AC"}, {"name": "suite", "value": "test_20"}, {"name": "subSuite", "value": "TestAllureAC"}, {"name": "host", "value": "DESKTOP-H5OTV7O"}, {"name": "thread", "value": "7628-MainThread"}, {"name": "framework", "value": "pytest"}, {"name": "language", "value": "cpython3"}, {"name": "package", "value": "cases.system.AC.test_20"}]}